<?xml version="1.0" encoding="UTF-8" ?><testsuite errors="0" name="jasmine.specs" tests="1" failures="1" skipped="0" hostname="localhost" time="0.0" timestamp="2015-08-09T17:10:42"><testcase classname="jasmine" name="Quand j'appelle la fonction alphaNumericSorter.compareChaineDeCaractere(a,b) 1 &lt; 01" time="0.0" failure="true"><error type="expect.undefined" message="TypeError: 'undefined' is not a function (evaluating 'Number.isInteger(theString1.charAt(thePosition1))') in http://localhost:65165/src/AlphaNumericSorter.js (line 22)">TypeError: 'undefined' is not a function (evaluating 'Number.isInteger(theString1.charAt(thePosition1))') in http://localhost:65165/src/AlphaNumericSorter.js (line 22)</error></testcase></testsuite>